<?xml version="1.0" encoding="utf-8"?>
<posthistory>
  <row Id="6" PostHistoryTypeId="2" PostId="7" RevisionGUID="c30df0f4-a2d9-426e-a2dd-2cc3aa4d9205" CreationDate="2008-07-31T22:17:57.883" UserId="9" Text="The explicit cast to double in the first answer isn't necessary - identifying the constant as 5000.0 (or as 5000d) is sufficient." />
  <row Id="12" PostHistoryTypeId="1" PostId="17" RevisionGUID="0421fb42-a29a-4cb2-84ba-a828725410f8" CreationDate="2008-08-01T05:09:55.993" UserId="2" Text="Binary Data in MYSQL" />
  <row Id="13" PostHistoryTypeId="3" PostId="17" RevisionGUID="0421fb42-a29a-4cb2-84ba-a828725410f8" CreationDate="2008-08-01T05:09:55.993" UserId="2" Text="&lt;database&gt;&lt;mysql&gt;" />
  <row Id="14" PostHistoryTypeId="2" PostId="4" RevisionGUID="0421fb42-a29a-4cb2-84ba-a828725410f8" CreationDate="2008-08-01T05:09:55.993" UserId="2" Text="How do I store binary data in mysql?" />
  <row Id="16" PostHistoryTypeId="2" PostId="18" RevisionGUID="0cfdfa19-039f-4645-8a48-1c316543b98f" CreationDate="2008-08-01T05:12:44.193" UserDisplayName="phpguy" Text="For a table like this:&#xD;&#xA;&#xD;&#xA;    CREATE TABLE binary_data (&#xD;&#xA;    id INT(4) NOT NULL AUTO_INCREMENT PRIMARY KEY,&#xD;&#xA;    description CHAR(50),&#xD;&#xA;    bin_data LONGBLOB,&#xD;&#xA;    filename CHAR(50),&#xD;&#xA;    filesize CHAR(50),&#xD;&#xA;    filetype CHAR(50)&#xD;&#xA;    );&#xD;&#xA;&#xD;&#xA;Here is a PHP example:&#xD;&#xA;&#xD;&#xA;    &lt;?php&#xD;&#xA;    &#xD;&#xA;    // store.php3 - by Florian Dittmer &lt;dittmer@gmx.net&gt;&#xD;&#xA;    // Example php script to demonstrate the storing of binary files into&#xD;&#xA;    // an sql database. More information can be found at http://www.phpbuilder.com/&#xD;&#xA;    ?&gt;&#xD;&#xA;    &#xD;&#xA;    &lt;html&gt;&#xD;&#xA;    &lt;head&gt;&lt;title&gt;Store binary data into SQL Database&lt;/title&gt;&lt;/head&gt;&#xD;&#xA;    &lt;body&gt;&#xD;&#xA;    &#xD;&#xA;    &lt;?php&#xD;&#xA;    // code that will be executed if the form has been submitted:&#xD;&#xA;    &#xD;&#xA;    if ($submit) {&#xD;&#xA;    &#xD;&#xA;        // connect to the database&#xD;&#xA;        // (you may have to adjust the hostname,username or password)&#xD;&#xA;    &#xD;&#xA;        MYSQL_CONNECT(&quot;localhost&quot;,&quot;root&quot;,&quot;password&quot;);&#xD;&#xA;        mysql_select_db(&quot;binary_data&quot;);&#xD;&#xA;    &#xD;&#xA;        $data = addslashes(fread(fopen($form_data, &quot;r&quot;), filesize($form_data)));&#xD;&#xA;    &#xD;&#xA;        $result=MYSQL_QUERY(&quot;INSERT INTO binary_data (description,bin_data,filename,filesize,filetype) &quot;.&#xD;&#xA;            &quot;VALUES ('$form_description','$data','$form_data_name','$form_data_size','$form_data_type')&quot;);&#xD;&#xA;    &#xD;&#xA;        $id= mysql_insert_id();&#xD;&#xA;        print &quot;&lt;p&gt;This file has the following Database ID: &lt;b&gt;$id&lt;/b&gt;&quot;;&#xD;&#xA;    &#xD;&#xA;        MYSQL_CLOSE();&#xD;&#xA;    &#xD;&#xA;    } else {&#xD;&#xA;    &#xD;&#xA;        // else show the form to submit new data:&#xD;&#xA;    ?&gt;&#xD;&#xA;    &#xD;&#xA;        &lt;form method=&quot;post&quot; action=&quot;&lt;?php echo $PHP_SELF; ?&gt;&quot; enctype=&quot;multipart/form-data&quot;&gt;&#xD;&#xA;        File Description:&lt;br&gt;&#xD;&#xA;        &lt;input type=&quot;text&quot; name=&quot;form_description&quot;  size=&quot;40&quot;&gt;&#xD;&#xA;        &lt;input type=&quot;hidden&quot; name=&quot;MAX_FILE_SIZE&quot; value=&quot;1000000&quot;&gt;&#xD;&#xA;        &lt;br&gt;File to upload/store in database:&lt;br&gt;&#xD;&#xA;        &lt;input type=&quot;file&quot; name=&quot;form_data&quot;  size=&quot;40&quot;&gt;&#xD;&#xA;        &lt;p&gt;&lt;input type=&quot;submit&quot; name=&quot;submit&quot; value=&quot;submit&quot;&gt;&#xD;&#xA;        &lt;/form&gt;&#xD;&#xA;    &#xD;&#xA;    &lt;?php&#xD;&#xA;    &#xD;&#xA;    }&#xD;&#xA;    &#xD;&#xA;    ?&gt;&#xD;&#xA;    &#xD;&#xA;    &lt;/body&gt;&#xD;&#xA;    &lt;/html&gt;" />
  <row Id="17" PostHistoryTypeId="1" PostId="25" RevisionGUID="617afb21-e2be-477c-bc74-95e3f319bc5d" CreationDate="2008-08-01T12:13:50.207" UserId="23" Text="How to use the C socket API in C++" />
  <row Id="18" PostHistoryTypeId="3" PostId="25" RevisionGUID="617afb21-e2be-477c-bc74-95e3f319bc5d" CreationDate="2008-08-01T12:13:50.207" UserId="23" Text="&lt;c++&gt;&lt;c&gt;&lt;sockets&gt;&lt;zos&gt;" />
  <row Id="19" PostHistoryTypeId="2" PostId="25" RevisionGUID="617afb21-e2be-477c-bc74-95e3f319bc5d" CreationDate="2008-08-01T12:13:50.207" UserId="23" Text="I've been having issues getting the C sockets API to work properly in C++. Specifically, although I am including sys/socket.h, I still get compile time errors telling me that AF_INET is not defined. Am I missing something obvious, or could this be related to the fact that I'm doing this coding on z/OS and my problems are much more complicated? ;)" />
  <row Id="21" PostHistoryTypeId="2" PostId="29" RevisionGUID="d4041f3b-1619-4b37-af9d-0b6713ce23a5" CreationDate="2008-08-01T12:19:17.417" UserId="19" Text="There are no HTTP headers that will report the clients timezone so far although it has been suggested to include it in the HTTP specification.&#xD;&#xA;&#xD;&#xA;If it was me, I would probably try to fetch the timezone using clientside JavaScript and then submit it to the server using Ajax or something." />
  <row Id="22" PostHistoryTypeId="2" PostId="30" RevisionGUID="60100e19-92ec-4426-a26b-ee6b1ba46c36" CreationDate="2008-08-01T12:22:40.797" UserId="13" Text="I've had no trouble using the BSD sockets API in C++, in GNU/Linux. Here's the sample program I used:&#xD;&#xA;&#xD;&#xA;    #include &lt;sys/socket.h&gt;&#xD;&#xA;    &#xD;&#xA;    int&#xD;&#xA;    main()&#xD;&#xA;    {&#xD;&#xA;        return AF_INET;&#xD;&#xA;    }&#xD;&#xA;&#xD;&#xA;So my take on this is that z/OS is probably the complicating factor here, however, because I've never used z/OS before, much less programmed in it, I can't say this definitively. :-P" />
  <row Id="23" PostHistoryTypeId="2" PostId="31" RevisionGUID="5dda610a-0a7a-4fef-a2dd-b59aaca40ed2" CreationDate="2008-08-01T12:22:51.593" UserDisplayName="maclema" Text="Does the parent div have a defined width either pixel or percentage? Not 100% sure but I think in IE7, the parent div needs a defined width for child percentage divs to work correctly." />
  <row Id="25" PostHistoryTypeId="2" PostId="33" RevisionGUID="b05fc0ef-9eee-4efc-8e15-cc7c3c734ea6" CreationDate="2008-08-01T12:26:39.773" UserId="13" Text="`Math.Floor` rounds down, `Math.Ceiling` rounds up, and `Math.Truncate` rounds towards zero. Thus, `Math.Truncate` is like `Math.Floor` for positive numbers, and like `Math.Ceiling` for negative numbers. Here's the [reference](http://msdn.microsoft.com/en-us/library/system.math.truncate.aspx).&#xD;&#xA;&#xD;&#xA;For completeness, `Math.Round` rounds to the nearest integer. If the number is exactly midway between two integers, then it rounds towards the even one. [Reference.](http://msdn.microsoft.com/en-us/library/system.math.round.aspx)" />
  <row Id="26" PostHistoryTypeId="1" PostId="34" RevisionGUID="c2579e01-1223-48a0-be40-3e7d393b4418" CreationDate="2008-08-01T12:30:57.630" UserDisplayName="maclema" Text="Unloading a ByteArray in Actionscript 3." />
  <row Id="27" PostHistoryTypeId="3" PostId="34" RevisionGUID="c2579e01-1223-48a0-be40-3e7d393b4418" CreationDate="2008-08-01T12:30:57.630" UserDisplayName="maclema" Text="&lt;apache-flex&gt;&lt;actionscript-3&gt;" />
  <row Id="28" PostHistoryTypeId="2" PostId="34" RevisionGUID="c2579e01-1223-48a0-be40-3e7d393b4418" CreationDate="2008-08-01T12:30:57.630" UserDisplayName="maclema" Text="Does anyone know how to forcefully unload a ByteArray from memory in AS3?&#xD;&#xA;&#xD;&#xA;I have tried (without success):&#xD;&#xA;&lt;pre&gt;&lt;code&gt;&#xD;&#xA;byteArray.length = 0;&#xD;&#xA;byteArray = new ByteArray();&#xD;&#xA;&#xD;&#xA;and&#xD;&#xA;&#xD;&#xA;for ( var i:int=0; i&amp;lt;byteArray.length; i++ ) {&#xD;&#xA;    byteArray[i] = null;&#xD;&#xA;}&#xD;&#xA;&lt;/code&gt;&lt;/pre&gt;&#xD;&#xA;Any ideas?" />
  <row Id="37" PostHistoryTypeId="2" PostId="44" RevisionGUID="aabf9c4a-ebb4-4375-a0c6-93546452e145" CreationDate="2008-08-01T12:55:42.413" UserId="35" Text="Consider using a [ManualResetEvent][1] to block the main thread at the end of its processing, and call Reset() on it once the timer's processing has finished.  If this is something that needs to run constantly, consider moving this into a service process instead of a console app.&#xD;&#xA;&#xD;&#xA;&#xD;&#xA;  [1]: http://msdn.microsoft.com/en-us/library/system.threading.manualresetevent.aspx &quot;MSDN Reference&quot;" />
  <row Id="40" PostHistoryTypeId="2" PostId="49" RevisionGUID="e7eeec01-306e-4604-ac88-876052bd9122" CreationDate="2008-08-01T13:02:51.900" UserId="43" Text="Here is one hack that might work. Isn't clean, but it looks like it might work:&#xD;&#xA;&#xD;&#xA;http://www.brokenbuild.com/blog/2006/08/15/mysql-triggers-how-do-you-abort-an-insert-update-or-delete-with-a-trigger/&#xD;&#xA;&#xD;&#xA;Essentially you just try to update a column that doesn't exist." />
  <row Id="42" PostHistoryTypeId="2" PostId="51" RevisionGUID="c4128c3e-fbe8-4eb4-bd7a-120913786812" CreationDate="2008-08-01T13:07:52.810" UserId="17" Text="Why don't you want to use triggers.  They are a good thing if you use them correctly.  If you use them as a way to enforce referential integrity that is when they go from good to bad.  But if you use them for monitoring, they are not really considered taboo." />
</posthistory>
