<?xml version="1.0" encoding="utf-8"?>
<users>
  <row Id="-1" Reputation="1" CreationDate="2008-07-31T00:00:00.000" DisplayName="Community" LastAccessDate="2008-08-26T00:16:53.810" WebsiteUrl="http://meta.stackexchange.com" Location="on the server farm" AboutMe="&lt;p&gt;Hi, I'm not really a person.&lt;/p&gt;&#xA;&#xA;&lt;p&gt;I'm a background process that helps keep this site clean!&lt;/p&gt;&#xA;&#xA;&lt;p&gt;I do things like&lt;/p&gt;&#xA;&#xA;&lt;ul&gt;&#xA;  &lt;li&gt;Randomly poke old unanswered questions every hour so they get some attention&lt;/li&gt;&#xA;  &lt;li&gt;Own community questions and answers so nobody gets unnecessary reputation from them&lt;/li&gt;&#xA;  &lt;li&gt;Own downvotes on spam/evil posts that get permanently deleted&lt;/li&gt;&#xA;  &lt;li&gt;Own suggested edits from anonymous users&lt;/li&gt;&#xA;  &lt;li&gt;&lt;a href=&quot;https://meta.stackexchange.com/a/92006&quot;&gt;Remove abandoned questions&lt;/a&gt;&lt;/li&gt;&#xA;&lt;/ul&gt;&#xA;" Views="1429" UpVotes="478269" DownVotes="1282254" AccountId="-1" />
  <row Id="1" Reputation="60145" CreationDate="2008-07-31T14:22:31.287" DisplayName="Jeff Atwood" LastAccessDate="2020-12-04T23:18:01.287" WebsiteUrl="http://www.codinghorror.com/blog/" Location="El Cerrito, CA" AboutMe="&lt;p&gt;&lt;a href=&quot;http://www.codinghorror.com/blog/archives/001169.html&quot; rel=&quot;nofollow&quot;&gt;Stack Overflow Valued Associate #00001&lt;/a&gt;&lt;/p&gt;&#xA;&#xA;&lt;p&gt;Wondering how our software development process works? &lt;a href=&quot;http://www.youtube.com/watch?v=08xQLGWTSag&quot; rel=&quot;nofollow&quot;&gt;Take a look!&lt;/a&gt;&lt;/p&gt;&#xA;&#xA;&lt;p&gt;Find me &lt;a href=&quot;http://twitter.com/codinghorror&quot; rel=&quot;nofollow&quot;&gt;on twitter&lt;/a&gt;, or &lt;a href=&quot;http://www.codinghorror.com/blog&quot; rel=&quot;nofollow&quot;&gt;read my blog&lt;/a&gt;. Don't say I didn't warn you &lt;em&gt;because I totally did&lt;/em&gt;.&lt;/p&gt;&#xA;&#xA;&lt;p&gt;However, &lt;a href=&quot;http://www.codinghorror.com/blog/2012/02/farewell-stack-exchange.html&quot; rel=&quot;nofollow&quot;&gt;I no longer work at Stack Exchange, Inc&lt;/a&gt;. I'll miss you all. Well, &lt;em&gt;some&lt;/em&gt; of you, anyway. :)&lt;/p&gt;&#xA;" Views="583572" UpVotes="3378" DownVotes="1311" ProfileImageUrl="https://www.gravatar.com/avatar/51d623f33f8b83095db84ff35e15dbe8?s=128&amp;amp;d=identicon&amp;amp;r=PG" AccountId="1" />
  <row Id="2" Reputation="5752" CreationDate="2008-07-31T14:22:31.287" DisplayName="Geoff Dalgas" LastAccessDate="2020-12-04T17:01:29.610" WebsiteUrl="http://stackoverflow.com" Location="Corvallis, OR" AboutMe="&lt;p&gt;Developer on the Stack Overflow team.  Find me on&lt;/p&gt;&#xA;&#xA;&lt;p&gt;&lt;a href=&quot;http://www.twitter.com/SuperDalgas&quot; rel=&quot;nofollow noreferrer&quot;&gt;Twitter&lt;/a&gt;&#xA;&lt;br&gt;&lt;br&gt;&#xA;&lt;a href=&quot;http://blog.stackoverflow.com/2009/05/welcome-stack-overflow-valued-associate-00003/&quot;&gt;Stack Overflow Valued Associate #00003&lt;/a&gt;&lt;/p&gt;&#xA;" Views="28690" UpVotes="664" DownVotes="88" ProfileImageUrl="https://i.stack.imgur.com/nDllk.png?s=256&amp;g=1" AccountId="2" />
  <row Id="3" Reputation="15256" CreationDate="2008-07-31T14:22:31.287" DisplayName="Jarrod Dixon" LastAccessDate="2020-12-04T22:05:49.610" WebsiteUrl="http://jarroddixon.com" Location="Raleigh, NC, United States" AboutMe="&lt;p&gt;&lt;a href=&quot;http://blog.stackoverflow.com/2009/01/welcome-stack-overflow-valued-associate-00002/&quot;&gt;Developer on the Stack Overflow team&lt;/a&gt;.&lt;/p&gt;&#xA;&#xA;&lt;p&gt;Was dubbed &lt;strong&gt;SALTY SAILOR&lt;/strong&gt; by Jeff Atwood, as filth and flarn would oft-times fly when dealing with a particularly nasty bug!&lt;/p&gt;&#xA;&#xA;&lt;ul&gt;&#xA;&lt;li&gt;Twitter me: &lt;a href=&quot;http://twitter.com/jarrod_dixon&quot; rel=&quot;nofollow noreferrer&quot;&gt;jarrod_dixon&lt;/a&gt;&lt;/li&gt;&#xA;&lt;li&gt;Email me: jarrod.m.dixon@gmail.com&lt;/li&gt;&#xA;&lt;/ul&gt;&#xA;" Views="26959" UpVotes="7843" DownVotes="100" ProfileImageUrl="https://i.stack.imgur.com/2mwFl.jpg?s=256&amp;g=1" AccountId="3" />
  <row Id="128511" Reputation="32216" CreationDate="2008-07-31T14:22:31.317" DisplayName="Joel Spolsky" LastAccessDate="2020-11-17T19:45:51.660" WebsiteUrl="https://joelonsoftware.com/" Location="New York, NY" AboutMe="&lt;p&gt;In 2000 I co-founded Fog Creek Software, where we created lots of cool things like the &lt;a href=&quot;https://fogbugz.com&quot; rel=&quot;nofollow noreferrer&quot;&gt;FogBugz bug tracker&lt;/a&gt;, &lt;a href=&quot;https://trello.com&quot; rel=&quot;nofollow noreferrer&quot;&gt;Trello&lt;/a&gt;, and &lt;a href=&quot;https://glitch.com&quot; rel=&quot;nofollow noreferrer&quot;&gt;Glitch&lt;/a&gt;. I also worked with &lt;a href=&quot;https://stackoverflow.com/users/1/jeff-atwood&quot;&gt;Jeff Atwood&lt;/a&gt; to create &lt;a href=&quot;https://stackoverflow.com&quot;&gt;Stack Overflow&lt;/a&gt; and served as CEO of Stack Overflow from 2010-2019.&lt;/p&gt;&#xA;&#xA;&lt;p&gt;Today I serve as the chairman of the board for Stack Overflow, Glitch, and &lt;a href=&quot;https://hash.ai&quot; rel=&quot;nofollow noreferrer&quot;&gt;HASH&lt;/a&gt;.&lt;/p&gt;&#xA;&#xA;&lt;p&gt;I served as a paratrooper in the Israeli army, graduated from Yale University in 1991, and spent time on the Excel team at Microsoft where I was the program manager responsible for the launch of VBA in Excel 5.0. I’ve also written four books, do a lot of Arduino stuff, and talk too much about Barry’s Bootcamp and Burning Man.&lt;/p&gt;&#xA;" Views="79357" UpVotes="842" DownVotes="98" ProfileImageUrl="https://i.stack.imgur.com/C5gBG.jpg?s=128&amp;g=1" AccountId="4" />
  <row Id="5" Reputation="49406" CreationDate="2008-07-31T14:22:31.317" DisplayName="Jon Galloway" LastAccessDate="2020-12-04T19:35:32.283" WebsiteUrl="http://weblogs.asp.net/jgalloway/" Location="San Diego, CA" AboutMe="&lt;p&gt;Technical Evangelist at Microsoft, specializing in ASP.NET MVC.&lt;/p&gt;&#xA;&#xA;&lt;p&gt;I don't use this site anymore because the moderators close or delete far too many of the useful questions.&lt;/p&gt;&#xA;" Views="13405" UpVotes="787" DownVotes="34" AccountId="5" />
  <row Id="8" Reputation="1787" CreationDate="2008-07-31T21:33:24.057" DisplayName="Eggs McLaren" LastAccessDate="2018-04-09T02:04:55.577" WebsiteUrl="" Location="" AboutMe="&lt;p&gt;This is a puppet test account I use to validate &quot;regular user&quot; stuff on the site&lt;/p&gt;&#xD;&#xA;&lt;p&gt;-- &lt;a href=&quot;http://stackoverflow.com/users/1/jeff-atwood&quot; rel=&quot;nofollow&quot;&gt;Jeff Atwood&lt;/a&gt;" Views="7762" UpVotes="12" DownVotes="9" AccountId="6" />
  <row Id="9" Reputation="22616" CreationDate="2008-07-31T21:35:26.517" DisplayName="Kevin Dente" LastAccessDate="2020-11-23T20:26:14.533" WebsiteUrl="http://weblogs.asp.net/kdente" Location="Oakland, CA" AboutMe="&lt;p&gt;Independent software engineer&lt;/p&gt;&#xA;" Views="6252" UpVotes="47" DownVotes="4" AccountId="7" />
</users>